2024-05-28 09:28:31 [background-preinit] INFO  o.h.validator.internal.util.Version - HV000001: Hibernate Validator 8.0.1.Final
2024-05-28 09:28:31 [restartedMain] INFO  c.h.p.R.RingRingRingApplication - Starting RingRingRingApplication using Java 17.0.7 with PID 23040 (G:\project\RingRingRing\target\classes started by WeSeongGu in G:\project\RingRingRing)
2024-05-28 09:28:31 [restartedMain] INFO  c.h.p.R.RingRingRingApplication - The following 1 profile is active: "local"
2024-05-28 09:28:31 [restartedMain] INFO  o.s.b.d.e.DevToolsPropertyDefaultsPostProcessor - Devtools property defaults active! Set 'spring.devtools.add-properties' to 'false' to disable
2024-05-28 09:28:31 [restartedMain] INFO  o.s.b.d.e.DevToolsPropertyDefaultsPostProcessor - For additional web related logging consider setting the 'logging.level.web' property to 'DEBUG'
2024-05-28 09:28:32 [restartedMain] INFO  o.s.d.r.c.RepositoryConfigurationDelegate - Bootstrapping Spring Data JPA repositories in DEFAULT mode.
2024-05-28 09:28:32 [restartedMain] INFO  o.s.d.r.c.RepositoryConfigurationDelegate - Finished Spring Data repository scanning in 112 ms. Found 5 JPA repository interfaces.
2024-05-28 09:28:33 [restartedMain] INFO  o.s.b.w.e.tomcat.TomcatWebServer - Tomcat initialized with port 9090 (http)
2024-05-28 09:28:33 [restartedMain] INFO  o.a.coyote.http11.Http11NioProtocol - Initializing ProtocolHandler ["http-nio-9090"]
2024-05-28 09:28:33 [restartedMain] INFO  o.a.catalina.core.StandardService - Starting service [Tomcat]
2024-05-28 09:28:33 [restartedMain] INFO  o.a.catalina.core.StandardEngine - Starting Servlet engine: [Apache Tomcat/10.1.19]
2024-05-28 09:28:33 [restartedMain] INFO  o.a.c.c.C.[Tomcat].[localhost].[/] - Initializing Spring embedded WebApplicationContext
2024-05-28 09:28:33 [restartedMain] INFO  o.s.b.w.s.c.ServletWebServerApplicationContext - Root WebApplicationContext: initialization completed in 1791 ms
2024-05-28 09:28:33 [restartedMain] INFO  o.h.jpa.internal.util.LogHelper - HHH000204: Processing PersistenceUnitInfo [name: default]
2024-05-28 09:28:33 [restartedMain] INFO  org.hibernate.Version - HHH000412: Hibernate ORM core version 6.4.4.Final
2024-05-28 09:28:33 [restartedMain] INFO  o.h.c.i.RegionFactoryInitiator - HHH000026: Second-level cache disabled
2024-05-28 09:28:33 [restartedMain] INFO  o.s.o.j.p.SpringPersistenceUnitInfo - No LoadTimeWeaver setup: ignoring JPA class transformer
2024-05-28 09:28:33 [restartedMain] INFO  com.zaxxer.hikari.HikariDataSource - HikariPool-1 - Starting...
2024-05-28 09:28:34 [restartedMain] INFO  com.zaxxer.hikari.pool.HikariPool - HikariPool-1 - Added connection com.mysql.cj.jdbc.ConnectionImpl@76142537
2024-05-28 09:28:34 [restartedMain] INFO  com.zaxxer.hikari.HikariDataSource - HikariPool-1 - Start completed.
2024-05-28 09:28:34 [restartedMain] INFO  o.h.e.t.j.p.i.JtaPlatformInitiator - HHH000489: No JTA platform available (set 'hibernate.transaction.jta.platform' to enable JTA platform integration)
2024-05-28 09:28:34 [restartedMain] INFO  o.s.o.j.LocalContainerEntityManagerFactoryBean - Initialized JPA EntityManagerFactory for persistence unit 'default'
2024-05-28 09:28:35 [restartedMain] WARN  o.s.b.a.o.j.JpaBaseConfiguration$JpaWebConfiguration - spring.jpa.open-in-view is enabled by default. Therefore, database queries may be performed during view rendering. Explicitly configure spring.jpa.open-in-view to disable this warning
2024-05-28 09:28:35 [restartedMain] INFO  o.s.d.j.r.query.QueryEnhancerFactory - Hibernate is in classpath; If applicable, HQL parser will be used.
2024-05-28 09:28:36 [restartedMain] WARN  o.s.w.s.m.m.a.RequestMappingHandlerMapping - Multiple @RequestMapping annotations found on public java.lang.String com.hallym.project.RingRingRing.AI.AICallController.check(), but only the first will be used: [@org.springframework.web.bind.annotation.GetMapping(consumes={}, headers={}, name="", params={}, path={"/isconnected"}, produces={}, value={"/isconnected"}), @org.springframework.web.bind.annotation.PostMapping(consumes={}, headers={}, name="", params={}, path={"/deliveryAI"}, produces={}, value={"/deliveryAI"})]
2024-05-28 09:28:37 [restartedMain] INFO  o.s.s.web.DefaultSecurityFilterChain - Will secure any request with [org.springframework.security.web.session.DisableEncodeUrlFilter@5b660ae5, org.springframework.security.web.context.request.async.WebAsyncManagerIntegrationFilter@12aa94e4, org.springframework.security.web.context.SecurityContextHolderFilter@5642f602, org.springframework.security.web.header.HeaderWriterFilter@37ce65b9, org.springframework.web.filter.CorsFilter@5d43d8d5, org.springframework.security.web.authentication.logout.LogoutFilter@75f02cf7, com.hallym.project.RingRingRing.jwt.JWTFilter@110f1acd, org.springframework.security.web.savedrequest.RequestCacheAwareFilter@25ab5e1f, org.springframework.security.web.servletapi.SecurityContextHolderAwareRequestFilter@1126ffad, org.springframework.security.web.authentication.AnonymousAuthenticationFilter@7a550b2b, org.springframework.security.web.session.SessionManagementFilter@5d8c98ce, org.springframework.security.web.access.ExceptionTranslationFilter@f255d25, org.springframework.security.web.access.intercept.AuthorizationFilter@5be2888c]
2024-05-28 09:28:37 [restartedMain] INFO  o.s.l.c.s.AbstractContextSource - Property 'userDn' not set - anonymous context will be used for read-only operations
2024-05-28 09:28:37 [restartedMain] INFO  o.s.b.d.a.OptionalLiveReloadServer - LiveReload server is running on port 35729
2024-05-28 09:28:37 [restartedMain] INFO  o.a.coyote.http11.Http11NioProtocol - Starting ProtocolHandler ["http-nio-9090"]
2024-05-28 09:28:37 [restartedMain] INFO  o.s.b.w.e.tomcat.TomcatWebServer - Tomcat started on port 9090 (http) with context path ''
2024-05-28 09:28:37 [restartedMain] INFO  c.h.p.R.RingRingRingApplication - Started RingRingRingApplication in 6.6 seconds (process running for 7.31)
2024-05-28 09:28:43 [http-nio-9090-exec-1] INFO  o.a.c.c.C.[Tomcat].[localhost].[/] - Initializing Spring DispatcherServlet 'dispatcherServlet'
2024-05-28 09:28:43 [http-nio-9090-exec-1] INFO  o.s.web.servlet.DispatcherServlet - Initializing Servlet 'dispatcherServlet'
2024-05-28 09:28:43 [http-nio-9090-exec-1] INFO  o.s.web.servlet.DispatcherServlet - Completed initialization in 1 ms
2024-05-28 09:28:43 [http-nio-9090-exec-1] INFO  c.h.p.R.aspect.LoggingAspectOfLogin - [Login Request]: ip: 0:0:0:0:0:0:0:1 Resources Accessed: ResponseEntity com.hallym.project.RingRingRing.Login.LoginController.loginController(LoginDTO)
2024-05-28 09:28:43 [http-nio-9090-exec-1] INFO  c.h.p.R.aspect.LoggingAspectOfLogin - [Processing Start]: ResponseEntity com.hallym.project.RingRingRing.Login.LoginService.loginService(LoginDTO) 
2024-05-28 09:28:43 [http-nio-9090-exec-1] INFO  c.h.p.R.a.LoggingAspectOfJoinMember - [DB Transaction Start]: List com.hallym.project.RingRingRing.joinmember.repository.UserRepository.findByEmail(String) 
2024-05-28 09:28:43 [http-nio-9090-exec-1] INFO  c.h.p.R.a.LoggingAspectOfJoinMember - [Normal DB Transaction End]: List com.hallym.project.RingRingRing.joinmember.repository.UserRepository.findByEmail(String) 
2024-05-28 09:28:43 [http-nio-9090-exec-1] INFO  c.h.p.R.a.LoggingAspectOfJoinMember - [DB Transaction End]: List com.hallym.project.RingRingRing.joinmember.repository.UserRepository.findByEmail(String) 
2024-05-28 09:28:43 [http-nio-9090-exec-1] INFO  c.h.p.R.a.LoggingAspectOfJoinMember - [DB Transaction Start]: boolean com.hallym.project.RingRingRing.joinmember.repository.UserRepository.existsByEmail(String) 
2024-05-28 09:28:43 [http-nio-9090-exec-1] INFO  c.h.p.R.a.LoggingAspectOfJoinMember - [Normal DB Transaction End]: boolean com.hallym.project.RingRingRing.joinmember.repository.UserRepository.existsByEmail(String) 
2024-05-28 09:28:43 [http-nio-9090-exec-1] INFO  c.h.p.R.a.LoggingAspectOfJoinMember - [DB Transaction End]: boolean com.hallym.project.RingRingRing.joinmember.repository.UserRepository.existsByEmail(String) 
2024-05-28 09:28:43 [http-nio-9090-exec-1] INFO  c.h.p.R.aspect.LoggingAspectOfLogin - [Normal Processing End]: ResponseEntity com.hallym.project.RingRingRing.Login.LoginService.loginService(LoginDTO) 
2024-05-28 09:28:43 [http-nio-9090-exec-1] INFO  c.h.p.R.aspect.LoggingAspectOfLogin - [Processing End]: ResponseEntity com.hallym.project.RingRingRing.Login.LoginService.loginService(LoginDTO) 
2024-05-28 09:28:43 [http-nio-9090-exec-1] INFO  c.h.p.R.aspect.LoggingAspectOfLogin - [Normal Response]: ResponseEntity com.hallym.project.RingRingRing.Login.LoginController.loginController(LoginDTO) 
2024-05-28 09:28:43 [http-nio-9090-exec-1] INFO  c.h.p.R.aspect.LoggingAspectOfLogin - [Login Response]: 0:0:0:0:0:0:0:1 ResponseEntity com.hallym.project.RingRingRing.Login.LoginController.loginController(LoginDTO) 
2024-05-28 09:28:52 [http-nio-9090-exec-2] INFO  c.h.p.RingRingRing.jwt.JWTFilter - [인중 가 진행] ensd point: http://125.240.0.97:9090/deliveryAI
2024-05-28 09:28:52 [http-nio-9090-exec-2] WARN  c.h.p.RingRingRing.jwt.JWTFilter - JWT validation failed: Invalid compact JWT string: Compact JWSs must contain exactly 2 period characters, and compact JWEs must contain exactly 4.  Found: 3
2024-05-28 09:28:52 [http-nio-9090-exec-2] WARN  o.s.w.s.m.m.a.ExceptionHandlerExceptionResolver - Resolved [io.jsonwebtoken.MalformedJwtException: Invalid compact JWT string: Compact JWSs must contain exactly 2 period characters, and compact JWEs must contain exactly 4.  Found: 3]
2024-05-28 09:29:09 [http-nio-9090-exec-3] INFO  c.h.p.RingRingRing.jwt.JWTFilter - [인중 가 진행] ensd point: http://125.240.0.97:9090/deliveryAI
2024-05-28 09:29:09 [http-nio-9090-exec-3] INFO  c.h.p.RingRingRing.jwt.JWTFilter - [인중 가 통과]: dnltjdrn@naver.com endpoint: /deliveryAI
2024-05-28 09:30:00 [scheduling-1] INFO  c.h.p.R.a.LoggingAspectOfJoinMember - [Processing Start]: void com.hallym.project.RingRingRing.joinmember.JoinMembershipService.cleanupOldData() 
2024-05-28 09:30:00 [scheduling-1] INFO  c.h.p.R.a.LoggingAspectOfJoinMember - [DB Transaction Start]: void com.hallym.project.RingRingRing.joinmember.repository.TemporaryEmailRepository.deleteOlderThanTenMinutes(LocalDateTime) 
2024-05-28 09:30:00 [scheduling-1] INFO  c.h.p.R.a.LoggingAspectOfJoinMember - [Normal DB Transaction End]: void com.hallym.project.RingRingRing.joinmember.repository.TemporaryEmailRepository.deleteOlderThanTenMinutes(LocalDateTime) 
2024-05-28 09:30:00 [scheduling-1] INFO  c.h.p.R.a.LoggingAspectOfJoinMember - [DB Transaction End]: void com.hallym.project.RingRingRing.joinmember.repository.TemporaryEmailRepository.deleteOlderThanTenMinutes(LocalDateTime) 
2024-05-28 09:30:00 [scheduling-1] INFO  c.h.p.R.a.LoggingAspectOfJoinMember - [Normal Processing End]: void com.hallym.project.RingRingRing.joinmember.JoinMembershipService.cleanupOldData() 
2024-05-28 09:30:00 [scheduling-1] INFO  c.h.p.R.a.LoggingAspectOfJoinMember - [Processing End]: void com.hallym.project.RingRingRing.joinmember.JoinMembershipService.cleanupOldData() 
2024-05-28 09:31:42 [File Watcher] INFO  o.s.b.d.a.LocalDevToolsAutoConfiguration$RestartingClassPathChangeChangedEventListener - Restarting due to 1 class path change (0 additions, 0 deletions, 1 modification)
2024-05-28 09:31:42 [Thread-5] INFO  o.a.coyote.http11.Http11NioProtocol - Stopping ProtocolHandler ["http-nio-9090"]
2024-05-28 09:31:42 [Thread-5] INFO  o.s.o.j.LocalContainerEntityManagerFactoryBean - Closing JPA EntityManagerFactory for persistence unit 'default'
2024-05-28 09:31:42 [Thread-5] INFO  com.zaxxer.hikari.HikariDataSource - HikariPool-1 - Shutdown initiated...
2024-05-28 09:31:42 [Thread-5] INFO  com.zaxxer.hikari.HikariDataSource - HikariPool-1 - Shutdown completed.
2024-05-28 09:31:42 [restartedMain] INFO  c.h.p.R.RingRingRingApplication - Starting RingRingRingApplication using Java 17.0.7 with PID 23040 (G:\project\RingRingRing\target\classes started by WeSeongGu in G:\project\RingRingRing)
2024-05-28 09:31:42 [restartedMain] INFO  c.h.p.R.RingRingRingApplication - The following 1 profile is active: "local"
2024-05-28 09:31:43 [restartedMain] INFO  o.s.d.r.c.RepositoryConfigurationDelegate - Bootstrapping Spring Data JPA repositories in DEFAULT mode.
2024-05-28 09:31:43 [restartedMain] INFO  o.s.d.r.c.RepositoryConfigurationDelegate - Finished Spring Data repository scanning in 13 ms. Found 5 JPA repository interfaces.
2024-05-28 09:31:43 [restartedMain] INFO  o.s.b.w.e.tomcat.TomcatWebServer - Tomcat initialized with port 9090 (http)
2024-05-28 09:31:43 [restartedMain] INFO  o.a.coyote.http11.Http11NioProtocol - Initializing ProtocolHandler ["http-nio-9090"]
2024-05-28 09:31:43 [restartedMain] INFO  o.a.catalina.core.StandardService - Starting service [Tomcat]
2024-05-28 09:31:43 [restartedMain] INFO  o.a.catalina.core.StandardEngine - Starting Servlet engine: [Apache Tomcat/10.1.19]
2024-05-28 09:31:43 [restartedMain] INFO  o.a.c.c.C.[Tomcat].[localhost].[/] - Initializing Spring embedded WebApplicationContext
2024-05-28 09:31:43 [restartedMain] INFO  o.s.b.w.s.c.ServletWebServerApplicationContext - Root WebApplicationContext: initialization completed in 523 ms
2024-05-28 09:31:43 [restartedMain] INFO  o.h.jpa.internal.util.LogHelper - HHH000204: Processing PersistenceUnitInfo [name: default]
2024-05-28 09:31:43 [restartedMain] INFO  o.h.c.i.RegionFactoryInitiator - HHH000026: Second-level cache disabled
2024-05-28 09:31:43 [restartedMain] INFO  o.s.o.j.p.SpringPersistenceUnitInfo - No LoadTimeWeaver setup: ignoring JPA class transformer
2024-05-28 09:31:43 [restartedMain] INFO  com.zaxxer.hikari.HikariDataSource - HikariPool-2 - Starting...
2024-05-28 09:31:43 [restartedMain] INFO  com.zaxxer.hikari.pool.HikariPool - HikariPool-2 - Added connection com.mysql.cj.jdbc.ConnectionImpl@7331c592
2024-05-28 09:31:43 [restartedMain] INFO  com.zaxxer.hikari.HikariDataSource - HikariPool-2 - Start completed.
2024-05-28 09:31:43 [restartedMain] INFO  o.h.e.t.j.p.i.JtaPlatformInitiator - HHH000489: No JTA platform available (set 'hibernate.transaction.jta.platform' to enable JTA platform integration)
2024-05-28 09:31:43 [restartedMain] INFO  o.s.o.j.LocalContainerEntityManagerFactoryBean - Initialized JPA EntityManagerFactory for persistence unit 'default'
2024-05-28 09:31:43 [restartedMain] WARN  o.s.b.a.o.j.JpaBaseConfiguration$JpaWebConfiguration - spring.jpa.open-in-view is enabled by default. Therefore, database queries may be performed during view rendering. Explicitly configure spring.jpa.open-in-view to disable this warning
2024-05-28 09:31:44 [restartedMain] WARN  o.s.w.s.m.m.a.RequestMappingHandlerMapping - Multiple @RequestMapping annotations found on public java.lang.String com.hallym.project.RingRingRing.AI.AICallController.check(), but only the first will be used: [@org.springframework.web.bind.annotation.GetMapping(consumes={}, headers={}, name="", params={}, path={"/isconnected"}, produces={}, value={"/isconnected"}), @org.springframework.web.bind.annotation.PostMapping(consumes={}, headers={}, name="", params={}, path={"/deliveryAI"}, produces={}, value={"/deliveryAI"})]
2024-05-28 09:31:45 [restartedMain] INFO  o.s.s.web.DefaultSecurityFilterChain - Will secure any request with [org.springframework.security.web.session.DisableEncodeUrlFilter@184b6cac, org.springframework.security.web.context.request.async.WebAsyncManagerIntegrationFilter@7e773c47, org.springframework.security.web.context.SecurityContextHolderFilter@18e8deb7, org.springframework.security.web.header.HeaderWriterFilter@3ec608f4, org.springframework.web.filter.CorsFilter@4bd15d39, org.springframework.security.web.authentication.logout.LogoutFilter@4cd551eb, com.hallym.project.RingRingRing.jwt.JWTFilter@1a0bd106, org.springframework.security.web.savedrequest.RequestCacheAwareFilter@5ad96418, org.springframework.security.web.servletapi.SecurityContextHolderAwareRequestFilter@54d6461f, org.springframework.security.web.authentication.AnonymousAuthenticationFilter@5966f0e7, org.springframework.security.web.session.SessionManagementFilter@56d21a8f, org.springframework.security.web.access.ExceptionTranslationFilter@42200a78, org.springframework.security.web.access.intercept.AuthorizationFilter@3b3d46db]
2024-05-28 09:31:45 [restartedMain] INFO  o.s.l.c.s.AbstractContextSource - Property 'userDn' not set - anonymous context will be used for read-only operations
2024-05-28 09:31:45 [restartedMain] INFO  o.s.b.d.a.OptionalLiveReloadServer - LiveReload server is running on port 35729
2024-05-28 09:31:45 [restartedMain] INFO  o.a.coyote.http11.Http11NioProtocol - Starting ProtocolHandler ["http-nio-9090"]
2024-05-28 09:31:45 [restartedMain] INFO  o.s.b.w.e.tomcat.TomcatWebServer - Tomcat started on port 9090 (http) with context path ''
2024-05-28 09:31:45 [restartedMain] INFO  c.h.p.R.RingRingRingApplication - Started RingRingRingApplication in 3.115 seconds (process running for 195.452)
2024-05-28 09:31:45 [restartedMain] INFO  o.s.b.d.a.ConditionEvaluationDeltaLoggingListener - Condition evaluation unchanged
2024-05-28 09:31:50 [File Watcher] INFO  o.s.b.d.a.LocalDevToolsAutoConfiguration$RestartingClassPathChangeChangedEventListener - Restarting due to 1 class path change (0 additions, 0 deletions, 1 modification)
2024-05-28 09:31:50 [Thread-7] INFO  o.a.coyote.http11.Http11NioProtocol - Stopping ProtocolHandler ["http-nio-9090"]
2024-05-28 09:31:50 [Thread-7] INFO  o.s.o.j.LocalContainerEntityManagerFactoryBean - Closing JPA EntityManagerFactory for persistence unit 'default'
2024-05-28 09:31:50 [Thread-7] INFO  com.zaxxer.hikari.HikariDataSource - HikariPool-2 - Shutdown initiated...
2024-05-28 09:31:50 [Thread-7] INFO  com.zaxxer.hikari.HikariDataSource - HikariPool-2 - Shutdown completed.
2024-05-28 09:31:50 [restartedMain] INFO  c.h.p.R.RingRingRingApplication - Starting RingRingRingApplication using Java 17.0.7 with PID 23040 (G:\project\RingRingRing\target\classes started by WeSeongGu in G:\project\RingRingRing)
2024-05-28 09:31:50 [restartedMain] INFO  c.h.p.R.RingRingRingApplication - The following 1 profile is active: "local"
2024-05-28 09:31:50 [restartedMain] INFO  o.s.d.r.c.RepositoryConfigurationDelegate - Bootstrapping Spring Data JPA repositories in DEFAULT mode.
2024-05-28 09:31:50 [restartedMain] INFO  o.s.d.r.c.RepositoryConfigurationDelegate - Finished Spring Data repository scanning in 14 ms. Found 5 JPA repository interfaces.
2024-05-28 09:31:50 [restartedMain] INFO  o.s.b.w.e.tomcat.TomcatWebServer - Tomcat initialized with port 9090 (http)
2024-05-28 09:31:50 [restartedMain] INFO  o.a.coyote.http11.Http11NioProtocol - Initializing ProtocolHandler ["http-nio-9090"]
2024-05-28 09:31:50 [restartedMain] INFO  o.a.catalina.core.StandardService - Starting service [Tomcat]
2024-05-28 09:31:50 [restartedMain] INFO  o.a.catalina.core.StandardEngine - Starting Servlet engine: [Apache Tomcat/10.1.19]
2024-05-28 09:31:50 [restartedMain] INFO  o.a.c.c.C.[Tomcat].[localhost].[/] - Initializing Spring embedded WebApplicationContext
2024-05-28 09:31:50 [restartedMain] INFO  o.s.b.w.s.c.ServletWebServerApplicationContext - Root WebApplicationContext: initialization completed in 421 ms
2024-05-28 09:31:51 [restartedMain] INFO  o.h.jpa.internal.util.LogHelper - HHH000204: Processing PersistenceUnitInfo [name: default]
2024-05-28 09:31:51 [restartedMain] INFO  o.h.c.i.RegionFactoryInitiator - HHH000026: Second-level cache disabled
2024-05-28 09:31:51 [restartedMain] INFO  o.s.o.j.p.SpringPersistenceUnitInfo - No LoadTimeWeaver setup: ignoring JPA class transformer
2024-05-28 09:31:51 [restartedMain] INFO  com.zaxxer.hikari.HikariDataSource - HikariPool-3 - Starting...
2024-05-28 09:31:51 [restartedMain] INFO  com.zaxxer.hikari.pool.HikariPool - HikariPool-3 - Added connection com.mysql.cj.jdbc.ConnectionImpl@33f725ea
2024-05-28 09:31:51 [restartedMain] INFO  com.zaxxer.hikari.HikariDataSource - HikariPool-3 - Start completed.
2024-05-28 09:31:51 [restartedMain] INFO  o.h.e.t.j.p.i.JtaPlatformInitiator - HHH000489: No JTA platform available (set 'hibernate.transaction.jta.platform' to enable JTA platform integration)
2024-05-28 09:31:51 [restartedMain] INFO  o.s.o.j.LocalContainerEntityManagerFactoryBean - Initialized JPA EntityManagerFactory for persistence unit 'default'
2024-05-28 09:31:51 [restartedMain] WARN  o.s.b.a.o.j.JpaBaseConfiguration$JpaWebConfiguration - spring.jpa.open-in-view is enabled by default. Therefore, database queries may be performed during view rendering. Explicitly configure spring.jpa.open-in-view to disable this warning
2024-05-28 09:31:52 [restartedMain] WARN  o.s.w.s.m.m.a.RequestMappingHandlerMapping - Multiple @RequestMapping annotations found on public java.lang.String com.hallym.project.RingRingRing.AI.AICallController.check(), but only the first will be used: [@org.springframework.web.bind.annotation.GetMapping(consumes={}, headers={}, name="", params={}, path={"/isconnected"}, produces={}, value={"/isconnected"}), @org.springframework.web.bind.annotation.PostMapping(consumes={}, headers={}, name="", params={}, path={"/deliveryAI"}, produces={}, value={"/deliveryAI"})]
2024-05-28 09:31:52 [restartedMain] INFO  o.s.s.web.DefaultSecurityFilterChain - Will secure any request with [org.springframework.security.web.session.DisableEncodeUrlFilter@64f3b39b, org.springframework.security.web.context.request.async.WebAsyncManagerIntegrationFilter@f901d8e, org.springframework.security.web.context.SecurityContextHolderFilter@190a5337, org.springframework.security.web.header.HeaderWriterFilter@3ccc89f5, org.springframework.web.filter.CorsFilter@7f308191, org.springframework.security.web.authentication.logout.LogoutFilter@29d22a1, com.hallym.project.RingRingRing.jwt.JWTFilter@4ba18dc, org.springframework.security.web.savedrequest.RequestCacheAwareFilter@1a60cb81, org.springframework.security.web.servletapi.SecurityContextHolderAwareRequestFilter@423b7a19, org.springframework.security.web.authentication.AnonymousAuthenticationFilter@7d2c0cbb, org.springframework.security.web.session.SessionManagementFilter@3617ac5f, org.springframework.security.web.access.ExceptionTranslationFilter@713e5ae5, org.springframework.security.web.access.intercept.AuthorizationFilter@74f97dc]
2024-05-28 09:31:53 [restartedMain] INFO  o.s.l.c.s.AbstractContextSource - Property 'userDn' not set - anonymous context will be used for read-only operations
2024-05-28 09:31:53 [restartedMain] INFO  o.s.b.d.a.OptionalLiveReloadServer - LiveReload server is running on port 35729
2024-05-28 09:31:53 [restartedMain] INFO  o.a.coyote.http11.Http11NioProtocol - Starting ProtocolHandler ["http-nio-9090"]
2024-05-28 09:31:53 [restartedMain] INFO  o.s.b.w.e.tomcat.TomcatWebServer - Tomcat started on port 9090 (http) with context path ''
2024-05-28 09:31:53 [restartedMain] INFO  c.h.p.R.RingRingRingApplication - Started RingRingRingApplication in 2.935 seconds (process running for 202.928)
2024-05-28 09:31:53 [restartedMain] INFO  o.s.b.d.a.ConditionEvaluationDeltaLoggingListener - Condition evaluation unchanged
2024-05-28 09:31:55 [http-nio-9090-exec-1] INFO  o.a.c.c.C.[Tomcat].[localhost].[/] - Initializing Spring DispatcherServlet 'dispatcherServlet'
2024-05-28 09:31:55 [http-nio-9090-exec-1] INFO  o.s.web.servlet.DispatcherServlet - Initializing Servlet 'dispatcherServlet'
2024-05-28 09:31:55 [http-nio-9090-exec-1] INFO  o.s.web.servlet.DispatcherServlet - Completed initialization in 1 ms
2024-05-28 09:31:55 [http-nio-9090-exec-1] INFO  c.h.p.RingRingRing.jwt.JWTFilter - [인중 가 진행] ensd point: http://125.240.0.97:9090/deliveryAI
2024-05-28 09:31:55 [http-nio-9090-exec-1] INFO  c.h.p.RingRingRing.jwt.JWTFilter - [인중 가 통과]: dnltjdrn@naver.com endpoint: /deliveryAI
2024-05-28 09:32:42 [File Watcher] INFO  o.s.b.d.a.LocalDevToolsAutoConfiguration$RestartingClassPathChangeChangedEventListener - Restarting due to 1 class path change (0 additions, 0 deletions, 1 modification)
2024-05-28 09:32:42 [Thread-11] INFO  o.a.coyote.http11.Http11NioProtocol - Stopping ProtocolHandler ["http-nio-9090"]
2024-05-28 09:32:42 [Thread-11] INFO  o.s.o.j.LocalContainerEntityManagerFactoryBean - Closing JPA EntityManagerFactory for persistence unit 'default'
2024-05-28 09:32:42 [Thread-11] INFO  com.zaxxer.hikari.HikariDataSource - HikariPool-3 - Shutdown initiated...
2024-05-28 09:32:42 [Thread-11] INFO  com.zaxxer.hikari.HikariDataSource - HikariPool-3 - Shutdown completed.
2024-05-28 09:32:42 [restartedMain] INFO  c.h.p.R.RingRingRingApplication - Starting RingRingRingApplication using Java 17.0.7 with PID 23040 (G:\project\RingRingRing\target\classes started by WeSeongGu in G:\project\RingRingRing)
2024-05-28 09:32:42 [restartedMain] INFO  c.h.p.R.RingRingRingApplication - The following 1 profile is active: "local"
2024-05-28 09:32:43 [restartedMain] INFO  o.s.d.r.c.RepositoryConfigurationDelegate - Bootstrapping Spring Data JPA repositories in DEFAULT mode.
2024-05-28 09:32:43 [restartedMain] INFO  o.s.d.r.c.RepositoryConfigurationDelegate - Finished Spring Data repository scanning in 30 ms. Found 5 JPA repository interfaces.
2024-05-28 09:32:43 [restartedMain] INFO  o.s.b.w.e.tomcat.TomcatWebServer - Tomcat initialized with port 9090 (http)
2024-05-28 09:32:43 [restartedMain] INFO  o.a.coyote.http11.Http11NioProtocol - Initializing ProtocolHandler ["http-nio-9090"]
2024-05-28 09:32:43 [restartedMain] INFO  o.a.catalina.core.StandardService - Starting service [Tomcat]
2024-05-28 09:32:43 [restartedMain] INFO  o.a.catalina.core.StandardEngine - Starting Servlet engine: [Apache Tomcat/10.1.19]
2024-05-28 09:32:43 [restartedMain] INFO  o.a.c.c.C.[Tomcat].[localhost].[/] - Initializing Spring embedded WebApplicationContext
2024-05-28 09:32:43 [restartedMain] INFO  o.s.b.w.s.c.ServletWebServerApplicationContext - Root WebApplicationContext: initialization completed in 621 ms
2024-05-28 09:32:43 [restartedMain] INFO  o.h.jpa.internal.util.LogHelper - HHH000204: Processing PersistenceUnitInfo [name: default]
2024-05-28 09:32:43 [restartedMain] INFO  o.h.c.i.RegionFactoryInitiator - HHH000026: Second-level cache disabled
2024-05-28 09:32:43 [restartedMain] INFO  o.s.o.j.p.SpringPersistenceUnitInfo - No LoadTimeWeaver setup: ignoring JPA class transformer
2024-05-28 09:32:43 [restartedMain] INFO  com.zaxxer.hikari.HikariDataSource - HikariPool-4 - Starting...
2024-05-28 09:32:43 [restartedMain] INFO  com.zaxxer.hikari.pool.HikariPool - HikariPool-4 - Added connection com.mysql.cj.jdbc.ConnectionImpl@4ce8b7fe
2024-05-28 09:32:43 [restartedMain] INFO  com.zaxxer.hikari.HikariDataSource - HikariPool-4 - Start completed.
2024-05-28 09:32:43 [restartedMain] INFO  o.h.e.t.j.p.i.JtaPlatformInitiator - HHH000489: No JTA platform available (set 'hibernate.transaction.jta.platform' to enable JTA platform integration)
2024-05-28 09:32:43 [restartedMain] INFO  o.s.o.j.LocalContainerEntityManagerFactoryBean - Initialized JPA EntityManagerFactory for persistence unit 'default'
2024-05-28 09:32:43 [restartedMain] WARN  o.s.b.a.o.j.JpaBaseConfiguration$JpaWebConfiguration - spring.jpa.open-in-view is enabled by default. Therefore, database queries may be performed during view rendering. Explicitly configure spring.jpa.open-in-view to disable this warning
2024-05-28 09:32:44 [restartedMain] WARN  o.s.w.s.m.m.a.RequestMappingHandlerMapping - Multiple @RequestMapping annotations found on public java.lang.String com.hallym.project.RingRingRing.AI.AICallController.check(), but only the first will be used: [@org.springframework.web.bind.annotation.GetMapping(consumes={}, headers={}, name="", params={}, path={"/isconnected"}, produces={}, value={"/isconnected"}), @org.springframework.web.bind.annotation.PostMapping(consumes={}, headers={}, name="", params={}, path={"/deliveryAI"}, produces={}, value={"/deliveryAI"})]
2024-05-28 09:32:45 [restartedMain] INFO  o.s.s.web.DefaultSecurityFilterChain - Will secure any request with [org.springframework.security.web.session.DisableEncodeUrlFilter@6db984d1, org.springframework.security.web.context.request.async.WebAsyncManagerIntegrationFilter@394cef08, org.springframework.security.web.context.SecurityContextHolderFilter@4b22254e, org.springframework.security.web.header.HeaderWriterFilter@4a454e3b, org.springframework.web.filter.CorsFilter@540103a0, org.springframework.security.web.authentication.logout.LogoutFilter@345c1fb9, com.hallym.project.RingRingRing.jwt.JWTFilter@20e7db3f, org.springframework.security.web.savedrequest.RequestCacheAwareFilter@824a565, org.springframework.security.web.servletapi.SecurityContextHolderAwareRequestFilter@68f016cc, org.springframework.security.web.authentication.AnonymousAuthenticationFilter@1594cfe, org.springframework.security.web.session.SessionManagementFilter@645c448d, org.springframework.security.web.access.ExceptionTranslationFilter@49614493, org.springframework.security.web.access.intercept.AuthorizationFilter@7150b85f]
2024-05-28 09:32:45 [restartedMain] INFO  o.s.l.c.s.AbstractContextSource - Property 'userDn' not set - anonymous context will be used for read-only operations
2024-05-28 09:32:45 [restartedMain] INFO  o.s.b.d.a.OptionalLiveReloadServer - LiveReload server is running on port 35729
2024-05-28 09:32:45 [restartedMain] INFO  o.a.coyote.http11.Http11NioProtocol - Starting ProtocolHandler ["http-nio-9090"]
2024-05-28 09:32:45 [restartedMain] INFO  o.s.b.w.e.tomcat.TomcatWebServer - Tomcat started on port 9090 (http) with context path ''
2024-05-28 09:32:45 [restartedMain] INFO  c.h.p.R.RingRingRingApplication - Started RingRingRingApplication in 3.102 seconds (process running for 255.451)
2024-05-28 09:32:45 [restartedMain] INFO  o.s.b.d.a.ConditionEvaluationDeltaLoggingListener - Condition evaluation unchanged
2024-05-28 09:33:03 [File Watcher] INFO  o.s.b.d.a.LocalDevToolsAutoConfiguration$RestartingClassPathChangeChangedEventListener - Restarting due to 1 class path change (0 additions, 0 deletions, 1 modification)
2024-05-28 09:33:03 [Thread-15] INFO  o.a.coyote.http11.Http11NioProtocol - Stopping ProtocolHandler ["http-nio-9090"]
2024-05-28 09:33:03 [Thread-15] INFO  o.s.o.j.LocalContainerEntityManagerFactoryBean - Closing JPA EntityManagerFactory for persistence unit 'default'
2024-05-28 09:33:03 [Thread-15] INFO  com.zaxxer.hikari.HikariDataSource - HikariPool-4 - Shutdown initiated...
2024-05-28 09:33:03 [Thread-15] INFO  com.zaxxer.hikari.HikariDataSource - HikariPool-4 - Shutdown completed.
2024-05-28 09:33:03 [restartedMain] INFO  c.h.p.R.RingRingRingApplication - Starting RingRingRingApplication using Java 17.0.7 with PID 23040 (G:\project\RingRingRing\target\classes started by WeSeongGu in G:\project\RingRingRing)
2024-05-28 09:33:03 [restartedMain] INFO  c.h.p.R.RingRingRingApplication - The following 1 profile is active: "local"
2024-05-28 09:33:04 [restartedMain] INFO  o.s.d.r.c.RepositoryConfigurationDelegate - Bootstrapping Spring Data JPA repositories in DEFAULT mode.
2024-05-28 09:33:04 [restartedMain] INFO  o.s.d.r.c.RepositoryConfigurationDelegate - Finished Spring Data repository scanning in 30 ms. Found 5 JPA repository interfaces.
2024-05-28 09:33:04 [restartedMain] INFO  o.s.b.w.e.tomcat.TomcatWebServer - Tomcat initialized with port 9090 (http)
2024-05-28 09:33:04 [restartedMain] INFO  o.a.coyote.http11.Http11NioProtocol - Initializing ProtocolHandler ["http-nio-9090"]
2024-05-28 09:33:04 [restartedMain] INFO  o.a.catalina.core.StandardService - Starting service [Tomcat]
2024-05-28 09:33:04 [restartedMain] INFO  o.a.catalina.core.StandardEngine - Starting Servlet engine: [Apache Tomcat/10.1.19]
2024-05-28 09:33:04 [restartedMain] INFO  o.a.c.c.C.[Tomcat].[localhost].[/] - Initializing Spring embedded WebApplicationContext
2024-05-28 09:33:04 [restartedMain] INFO  o.s.b.w.s.c.ServletWebServerApplicationContext - Root WebApplicationContext: initialization completed in 626 ms
2024-05-28 09:33:04 [restartedMain] INFO  o.h.jpa.internal.util.LogHelper - HHH000204: Processing PersistenceUnitInfo [name: default]
2024-05-28 09:33:04 [restartedMain] INFO  o.h.c.i.RegionFactoryInitiator - HHH000026: Second-level cache disabled
2024-05-28 09:33:04 [restartedMain] INFO  o.s.o.j.p.SpringPersistenceUnitInfo - No LoadTimeWeaver setup: ignoring JPA class transformer
2024-05-28 09:33:04 [restartedMain] INFO  com.zaxxer.hikari.HikariDataSource - HikariPool-5 - Starting...
2024-05-28 09:33:04 [restartedMain] INFO  com.zaxxer.hikari.pool.HikariPool - HikariPool-5 - Added connection com.mysql.cj.jdbc.ConnectionImpl@3de28dce
2024-05-28 09:33:04 [restartedMain] INFO  com.zaxxer.hikari.HikariDataSource - HikariPool-5 - Start completed.
2024-05-28 09:33:04 [restartedMain] INFO  o.h.e.t.j.p.i.JtaPlatformInitiator - HHH000489: No JTA platform available (set 'hibernate.transaction.jta.platform' to enable JTA platform integration)
2024-05-28 09:33:04 [restartedMain] INFO  o.s.o.j.LocalContainerEntityManagerFactoryBean - Initialized JPA EntityManagerFactory for persistence unit 'default'
2024-05-28 09:33:04 [restartedMain] WARN  o.s.b.a.o.j.JpaBaseConfiguration$JpaWebConfiguration - spring.jpa.open-in-view is enabled by default. Therefore, database queries may be performed during view rendering. Explicitly configure spring.jpa.open-in-view to disable this warning
2024-05-28 09:33:05 [restartedMain] WARN  o.s.w.s.m.m.a.RequestMappingHandlerMapping - Multiple @RequestMapping annotations found on public java.lang.String com.hallym.project.RingRingRing.AI.AICallController.check(), but only the first will be used: [@org.springframework.web.bind.annotation.GetMapping(consumes={}, headers={}, name="", params={}, path={"/isconnected"}, produces={}, value={"/isconnected"}), @org.springframework.web.bind.annotation.PostMapping(consumes={}, headers={}, name="", params={}, path={"/deliveryAI"}, produces={}, value={"/deliveryAI"})]
2024-05-28 09:33:06 [restartedMain] INFO  o.s.s.web.DefaultSecurityFilterChain - Will secure any request with [org.springframework.security.web.session.DisableEncodeUrlFilter@2c288137, org.springframework.security.web.context.request.async.WebAsyncManagerIntegrationFilter@1100cefd, org.springframework.security.web.context.SecurityContextHolderFilter@6e31c26f, org.springframework.security.web.header.HeaderWriterFilter@51219e35, org.springframework.web.filter.CorsFilter@41be5617, org.springframework.security.web.authentication.logout.LogoutFilter@576d4f00, com.hallym.project.RingRingRing.jwt.JWTFilter@1ff0d4d4, org.springframework.security.web.savedrequest.RequestCacheAwareFilter@25dbd04b, org.springframework.security.web.servletapi.SecurityContextHolderAwareRequestFilter@78d632f3, org.springframework.security.web.authentication.AnonymousAuthenticationFilter@7739df24, org.springframework.security.web.session.SessionManagementFilter@7da65213, org.springframework.security.web.access.ExceptionTranslationFilter@71574ecc, org.springframework.security.web.access.intercept.AuthorizationFilter@65c76aee]
2024-05-28 09:33:06 [restartedMain] INFO  o.s.l.c.s.AbstractContextSource - Property 'userDn' not set - anonymous context will be used for read-only operations
2024-05-28 09:33:06 [restartedMain] INFO  o.s.b.d.a.OptionalLiveReloadServer - LiveReload server is running on port 35729
2024-05-28 09:33:06 [restartedMain] INFO  o.a.coyote.http11.Http11NioProtocol - Starting ProtocolHandler ["http-nio-9090"]
2024-05-28 09:33:06 [restartedMain] INFO  o.s.b.w.e.tomcat.TomcatWebServer - Tomcat started on port 9090 (http) with context path ''
2024-05-28 09:33:07 [restartedMain] INFO  c.h.p.R.RingRingRingApplication - Started RingRingRingApplication in 3.165 seconds (process running for 276.47)
2024-05-28 09:33:07 [restartedMain] INFO  o.s.b.d.a.ConditionEvaluationDeltaLoggingListener - Condition evaluation unchanged
2024-05-28 09:33:22 [http-nio-9090-exec-1] INFO  o.a.c.c.C.[Tomcat].[localhost].[/] - Initializing Spring DispatcherServlet 'dispatcherServlet'
2024-05-28 09:33:22 [http-nio-9090-exec-1] INFO  o.s.web.servlet.DispatcherServlet - Initializing Servlet 'dispatcherServlet'
2024-05-28 09:33:22 [http-nio-9090-exec-1] INFO  o.s.web.servlet.DispatcherServlet - Completed initialization in 1 ms
2024-05-28 09:33:22 [http-nio-9090-exec-1] INFO  c.h.p.RingRingRing.jwt.JWTFilter - [인중 가 진행] ensd point: http://125.240.0.97:9090/deliveryAI
2024-05-28 09:33:22 [http-nio-9090-exec-1] INFO  c.h.p.RingRingRing.jwt.JWTFilter - [인중 가 통과]: dnltjdrn@naver.com endpoint: /deliveryAI
2024-05-28 09:34:01 [http-nio-9090-exec-2] INFO  c.h.p.RingRingRing.jwt.JWTFilter - [인중 가 진행] ensd point: http://125.240.0.97:9090/reservationAI
2024-05-28 09:34:01 [http-nio-9090-exec-2] INFO  c.h.p.RingRingRing.jwt.JWTFilter - [인중 가 통과]: dnltjdrn@naver.com endpoint: /reservationAI
2024-05-28 09:35:38 [File Watcher] INFO  o.s.b.d.a.LocalDevToolsAutoConfiguration$RestartingClassPathChangeChangedEventListener - Restarting due to 1 class path change (0 additions, 0 deletions, 1 modification)
2024-05-28 09:35:38 [Thread-19] INFO  o.a.coyote.http11.Http11NioProtocol - Stopping ProtocolHandler ["http-nio-9090"]
2024-05-28 09:35:38 [Thread-19] INFO  o.s.o.j.LocalContainerEntityManagerFactoryBean - Closing JPA EntityManagerFactory for persistence unit 'default'
2024-05-28 09:35:38 [Thread-19] INFO  com.zaxxer.hikari.HikariDataSource - HikariPool-5 - Shutdown initiated...
2024-05-28 09:35:38 [Thread-19] INFO  com.zaxxer.hikari.HikariDataSource - HikariPool-5 - Shutdown completed.
2024-05-28 09:35:38 [restartedMain] INFO  c.h.p.R.RingRingRingApplication - Starting RingRingRingApplication using Java 17.0.7 with PID 23040 (G:\project\RingRingRing\target\classes started by WeSeongGu in G:\project\RingRingRing)
2024-05-28 09:35:38 [restartedMain] INFO  c.h.p.R.RingRingRingApplication - The following 1 profile is active: "local"
2024-05-28 09:35:38 [restartedMain] INFO  o.s.d.r.c.RepositoryConfigurationDelegate - Bootstrapping Spring Data JPA repositories in DEFAULT mode.
2024-05-28 09:35:38 [restartedMain] INFO  o.s.d.r.c.RepositoryConfigurationDelegate - Finished Spring Data repository scanning in 12 ms. Found 5 JPA repository interfaces.
2024-05-28 09:35:38 [restartedMain] INFO  o.s.b.w.e.tomcat.TomcatWebServer - Tomcat initialized with port 9090 (http)
2024-05-28 09:35:38 [restartedMain] INFO  o.a.coyote.http11.Http11NioProtocol - Initializing ProtocolHandler ["http-nio-9090"]
2024-05-28 09:35:38 [restartedMain] INFO  o.a.catalina.core.StandardService - Starting service [Tomcat]
2024-05-28 09:35:38 [restartedMain] INFO  o.a.catalina.core.StandardEngine - Starting Servlet engine: [Apache Tomcat/10.1.19]
2024-05-28 09:35:38 [restartedMain] INFO  o.a.c.c.C.[Tomcat].[localhost].[/] - Initializing Spring embedded WebApplicationContext
2024-05-28 09:35:38 [restartedMain] INFO  o.s.b.w.s.c.ServletWebServerApplicationContext - Root WebApplicationContext: initialization completed in 425 ms
2024-05-28 09:35:38 [restartedMain] INFO  o.h.jpa.internal.util.LogHelper - HHH000204: Processing PersistenceUnitInfo [name: default]
2024-05-28 09:35:38 [restartedMain] INFO  o.h.c.i.RegionFactoryInitiator - HHH000026: Second-level cache disabled
2024-05-28 09:35:38 [restartedMain] INFO  o.s.o.j.p.SpringPersistenceUnitInfo - No LoadTimeWeaver setup: ignoring JPA class transformer
2024-05-28 09:35:38 [restartedMain] INFO  com.zaxxer.hikari.HikariDataSource - HikariPool-6 - Starting...
2024-05-28 09:35:38 [restartedMain] INFO  com.zaxxer.hikari.pool.HikariPool - HikariPool-6 - Added connection com.mysql.cj.jdbc.ConnectionImpl@6133e534
2024-05-28 09:35:38 [restartedMain] INFO  com.zaxxer.hikari.HikariDataSource - HikariPool-6 - Start completed.
2024-05-28 09:35:38 [restartedMain] INFO  o.h.e.t.j.p.i.JtaPlatformInitiator - HHH000489: No JTA platform available (set 'hibernate.transaction.jta.platform' to enable JTA platform integration)
2024-05-28 09:35:38 [restartedMain] INFO  o.s.o.j.LocalContainerEntityManagerFactoryBean - Initialized JPA EntityManagerFactory for persistence unit 'default'
2024-05-28 09:35:39 [restartedMain] WARN  o.s.b.a.o.j.JpaBaseConfiguration$JpaWebConfiguration - spring.jpa.open-in-view is enabled by default. Therefore, database queries may be performed during view rendering. Explicitly configure spring.jpa.open-in-view to disable this warning
2024-05-28 09:35:40 [restartedMain] WARN  o.s.w.s.m.m.a.RequestMappingHandlerMapping - Multiple @RequestMapping annotations found on public java.lang.String com.hallym.project.RingRingRing.AI.AICallController.check(), but only the first will be used: [@org.springframework.web.bind.annotation.GetMapping(consumes={}, headers={}, name="", params={}, path={"/isconnected"}, produces={}, value={"/isconnected"}), @org.springframework.web.bind.annotation.PostMapping(consumes={}, headers={}, name="", params={}, path={"/deliveryAI"}, produces={}, value={"/deliveryAI"})]
2024-05-28 09:35:40 [restartedMain] INFO  o.s.s.web.DefaultSecurityFilterChain - Will secure any request with [org.springframework.security.web.session.DisableEncodeUrlFilter@577d0be1, org.springframework.security.web.context.request.async.WebAsyncManagerIntegrationFilter@24c70a83, org.springframework.security.web.context.SecurityContextHolderFilter@d68614f, org.springframework.security.web.header.HeaderWriterFilter@1a33cafb, org.springframework.web.filter.CorsFilter@6e21d0a4, org.springframework.security.web.authentication.logout.LogoutFilter@e1faadf, com.hallym.project.RingRingRing.jwt.JWTFilter@53142f0, org.springframework.security.web.savedrequest.RequestCacheAwareFilter@139468b1, org.springframework.security.web.servletapi.SecurityContextHolderAwareRequestFilter@17f40c2a, org.springframework.security.web.authentication.AnonymousAuthenticationFilter@3a2c63b4, org.springframework.security.web.session.SessionManagementFilter@32acb78c, org.springframework.security.web.access.ExceptionTranslationFilter@373a239, org.springframework.security.web.access.intercept.AuthorizationFilter@95c54e4]
2024-05-28 09:35:41 [restartedMain] INFO  o.s.l.c.s.AbstractContextSource - Property 'userDn' not set - anonymous context will be used for read-only operations
2024-05-28 09:35:41 [restartedMain] INFO  o.s.b.d.a.OptionalLiveReloadServer - LiveReload server is running on port 35729
2024-05-28 09:35:41 [restartedMain] INFO  o.a.coyote.http11.Http11NioProtocol - Starting ProtocolHandler ["http-nio-9090"]
2024-05-28 09:35:41 [restartedMain] INFO  o.s.b.w.e.tomcat.TomcatWebServer - Tomcat started on port 9090 (http) with context path ''
2024-05-28 09:35:41 [restartedMain] INFO  c.h.p.R.RingRingRingApplication - Started RingRingRingApplication in 3.001 seconds (process running for 430.758)
2024-05-28 09:35:41 [restartedMain] INFO  o.s.b.d.a.ConditionEvaluationDeltaLoggingListener - Condition evaluation unchanged
2024-05-28 09:35:49 [http-nio-9090-exec-1] INFO  o.a.c.c.C.[Tomcat].[localhost].[/] - Initializing Spring DispatcherServlet 'dispatcherServlet'
2024-05-28 09:35:49 [http-nio-9090-exec-1] INFO  o.s.web.servlet.DispatcherServlet - Initializing Servlet 'dispatcherServlet'
2024-05-28 09:35:49 [http-nio-9090-exec-1] INFO  o.s.web.servlet.DispatcherServlet - Completed initialization in 1 ms
2024-05-28 09:35:49 [http-nio-9090-exec-1] INFO  c.h.p.RingRingRing.jwt.JWTFilter - [인중 가 진행] ensd point: http://125.240.0.97:9090/reservationAI
2024-05-28 09:35:49 [http-nio-9090-exec-1] INFO  c.h.p.RingRingRing.jwt.JWTFilter - [인중 가 통과]: dnltjdrn@naver.com endpoint: /reservationAI
2024-05-28 09:36:49 [File Watcher] INFO  o.s.b.d.a.LocalDevToolsAutoConfiguration$RestartingClassPathChangeChangedEventListener - Restarting due to 69 class path changes (0 additions, 66 deletions, 3 modifications)
2024-05-28 09:36:49 [Thread-23] INFO  o.a.coyote.http11.Http11NioProtocol - Stopping ProtocolHandler ["http-nio-9090"]
2024-05-28 09:36:49 [Thread-23] INFO  o.s.o.j.LocalContainerEntityManagerFactoryBean - Closing JPA EntityManagerFactory for persistence unit 'default'
2024-05-28 09:36:49 [Thread-23] INFO  com.zaxxer.hikari.HikariDataSource - HikariPool-6 - Shutdown initiated...
2024-05-28 09:36:49 [Thread-23] INFO  com.zaxxer.hikari.HikariDataSource - HikariPool-6 - Shutdown completed.
2024-05-28 09:36:50 [restartedMain] INFO  c.h.p.R.RingRingRingApplication - Starting RingRingRingApplication using Java 17.0.7 with PID 23040 (G:\project\RingRingRing\target\classes started by WeSeongGu in G:\project\RingRingRing)
2024-05-28 09:36:50 [restartedMain] INFO  c.h.p.R.RingRingRingApplication - The following 1 profile is active: "local"
2024-05-28 09:36:50 [restartedMain] INFO  o.s.d.r.c.RepositoryConfigurationDelegate - Bootstrapping Spring Data JPA repositories in DEFAULT mode.
2024-05-28 09:36:50 [restartedMain] INFO  o.s.d.r.c.RepositoryConfigurationDelegate - Finished Spring Data repository scanning in 0 ms. Found 0 JPA repository interfaces.
2024-05-28 09:36:50 [restartedMain] INFO  o.s.b.w.e.tomcat.TomcatWebServer - Tomcat initialized with port 9090 (http)
2024-05-28 09:36:50 [restartedMain] INFO  o.a.coyote.http11.Http11NioProtocol - Initializing ProtocolHandler ["http-nio-9090"]
2024-05-28 09:36:50 [restartedMain] INFO  o.a.catalina.core.StandardService - Starting service [Tomcat]
2024-05-28 09:36:50 [restartedMain] INFO  o.a.catalina.core.StandardEngine - Starting Servlet engine: [Apache Tomcat/10.1.19]
2024-05-28 09:36:50 [restartedMain] INFO  o.a.c.c.C.[Tomcat].[localhost].[/] - Initializing Spring embedded WebApplicationContext
2024-05-28 09:36:50 [restartedMain] INFO  o.s.b.w.s.c.ServletWebServerApplicationContext - Root WebApplicationContext: initialization completed in 304 ms
2024-05-28 09:36:50 [restartedMain] INFO  o.h.jpa.internal.util.LogHelper - HHH000204: Processing PersistenceUnitInfo [name: default]
2024-05-28 09:36:50 [restartedMain] INFO  o.h.c.i.RegionFactoryInitiator - HHH000026: Second-level cache disabled
2024-05-28 09:36:50 [restartedMain] INFO  o.s.o.j.p.SpringPersistenceUnitInfo - No LoadTimeWeaver setup: ignoring JPA class transformer
2024-05-28 09:36:50 [restartedMain] INFO  com.zaxxer.hikari.HikariDataSource - HikariPool-7 - Starting...
2024-05-28 09:36:50 [restartedMain] INFO  com.zaxxer.hikari.pool.HikariPool - HikariPool-7 - Added connection com.mysql.cj.jdbc.ConnectionImpl@291d0af1
2024-05-28 09:36:50 [restartedMain] INFO  com.zaxxer.hikari.HikariDataSource - HikariPool-7 - Start completed.
2024-05-28 09:36:50 [restartedMain] INFO  o.h.e.t.j.p.i.JtaPlatformInitiator - HHH000489: No JTA platform available (set 'hibernate.transaction.jta.platform' to enable JTA platform integration)
2024-05-28 09:36:50 [restartedMain] INFO  o.s.o.j.LocalContainerEntityManagerFactoryBean - Initialized JPA EntityManagerFactory for persistence unit 'default'
2024-05-28 09:36:50 [restartedMain] WARN  o.s.b.a.o.j.JpaBaseConfiguration$JpaWebConfiguration - spring.jpa.open-in-view is enabled by default. Therefore, database queries may be performed during view rendering. Explicitly configure spring.jpa.open-in-view to disable this warning
2024-05-28 09:36:50 [restartedMain] INFO  o.s.l.c.s.AbstractContextSource - Property 'userDn' not set - anonymous context will be used for read-only operations
2024-05-28 09:36:50 [restartedMain] WARN  o.s.b.a.s.s.UserDetailsServiceAutoConfiguration - 

Using generated security password: cdbb03a1-18db-4713-b350-f53052b0a40b

This generated password is for development use only. Your security configuration must be updated before running your application in production.

2024-05-28 09:36:50 [restartedMain] INFO  o.s.s.web.DefaultSecurityFilterChain - Will secure any request with [org.springframework.security.web.session.DisableEncodeUrlFilter@b4ba6a2, org.springframework.security.web.context.request.async.WebAsyncManagerIntegrationFilter@5b737050, org.springframework.security.web.context.SecurityContextHolderFilter@4de669b3, org.springframework.security.web.header.HeaderWriterFilter@22c1f684, org.springframework.web.filter.CorsFilter@48d517a0, org.springframework.security.web.csrf.CsrfFilter@3bd51918, org.springframework.security.web.authentication.logout.LogoutFilter@17e5a948, org.springframework.security.web.authentication.UsernamePasswordAuthenticationFilter@37b6373e, org.springframework.security.web.authentication.ui.DefaultLoginPageGeneratingFilter@2199cbcf, org.springframework.security.web.authentication.ui.DefaultLogoutPageGeneratingFilter@6d53af9c, org.springframework.security.web.authentication.www.BasicAuthenticationFilter@14b632b4, org.springframework.security.web.savedrequest.RequestCacheAwareFilter@5e68a4ce, org.springframework.security.web.servletapi.SecurityContextHolderAwareRequestFilter@c416915, org.springframework.security.web.authentication.AnonymousAuthenticationFilter@3b7b7a22, org.springframework.security.web.access.ExceptionTranslationFilter@4552f53b, org.springframework.security.web.access.intercept.AuthorizationFilter@66984c71]
2024-05-28 09:36:50 [restartedMain] INFO  o.s.b.d.a.OptionalLiveReloadServer - LiveReload server is running on port 35729
2024-05-28 09:36:51 [restartedMain] INFO  o.a.coyote.http11.Http11NioProtocol - Starting ProtocolHandler ["http-nio-9090"]
2024-05-28 09:36:51 [restartedMain] INFO  o.s.b.w.e.tomcat.TomcatWebServer - Tomcat started on port 9090 (http) with context path ''
2024-05-28 09:36:51 [restartedMain] INFO  c.h.p.R.RingRingRingApplication - Started RingRingRingApplication in 0.968 seconds (process running for 500.479)
2024-05-28 09:36:51 [restartedMain] INFO  o.s.b.d.a.ConditionEvaluationDeltaLoggingListener - Condition evaluation delta:


==========================
CONDITION EVALUATION DELTA
==========================


Positive matches:
-----------------

   SpringBootWebSecurityConfiguration.SecurityFilterChainConfiguration matched:
      - AllNestedConditions 2 matched 0 did not; NestedCondition on DefaultWebSecurityCondition.Beans @ConditionalOnMissingBean (types: org.springframework.security.web.SecurityFilterChain; SearchStrategy: all) did not find any beans; NestedCondition on DefaultWebSecurityCondition.Classes @ConditionalOnClass found required classes 'org.springframework.security.web.SecurityFilterChain', 'org.springframework.security.config.annotation.web.builders.HttpSecurity' (DefaultWebSecurityCondition)

   SpringBootWebSecurityConfiguration.WebSecurityEnablerConfiguration matched:
      - @ConditionalOnClass found required class 'org.springframework.security.config.annotation.web.configuration.EnableWebSecurity' (OnClassCondition)
      - @ConditionalOnMissingBean (names: springSecurityFilterChain; SearchStrategy: all) did not find any beans (OnBeanCondition)

   UserDetailsServiceAutoConfiguration matched:
      - @ConditionalOnClass found required class 'org.springframework.security.authentication.AuthenticationManager' (OnClassCondition)
      - AnyNestedCondition 1 matched 2 did not; NestedCondition on UserDetailsServiceAutoConfiguration.MissingAlternativeOrUserPropertiesConfigured.PasswordConfigured @ConditionalOnProperty (spring.security.user.password) did not find property 'password'; NestedCondition on UserDetailsServiceAutoConfiguration.MissingAlternativeOrUserPropertiesConfigured.NameConfigured @ConditionalOnProperty (spring.security.user.name) did not find property 'name'; NestedCondition on UserDetailsServiceAutoConfiguration.MissingAlternativeOrUserPropertiesConfigured.MissingAlternative @ConditionalOnMissingClass did not find unwanted classes 'org.springframework.security.oauth2.client.registration.ClientRegistrationRepository', 'org.springframework.security.oauth2.server.resource.introspection.OpaqueTokenIntrospector', 'org.springframework.security.saml2.provider.service.registration.RelyingPartyRegistrationRepository' (UserDetailsServiceAutoConfiguration.MissingAlternativeOrUserPropertiesConfigured)
      - @ConditionalOnBean (types: org.springframework.security.config.annotation.ObjectPostProcessor; SearchStrategy: all) found bean 'objectPostProcessor'; @ConditionalOnMissingBean (types: org.springframework.security.authentication.AuthenticationManager,org.springframework.security.authentication.AuthenticationProvider,org.springframework.security.core.userdetails.UserDetailsService,org.springframework.security.authentication.AuthenticationManagerResolver,org.springframework.security.oauth2.jwt.JwtDecoder; SearchStrategy: all) did not find any beans (OnBeanCondition)


Negative matches:
-----------------

   TaskSchedulingAutoConfiguration#scheduledBeanLazyInitializationExcludeFilter:
      Did not match:
         - @ConditionalOnBean (names: org.springframework.context.annotation.internalScheduledAnnotationProcessor; SearchStrategy: all) did not find any beans named org.springframework.context.annotation.internalScheduledAnnotationProcessor (OnBeanCondition)

   TaskSchedulingConfigurations.TaskSchedulerConfiguration:
      Did not match:
         - @ConditionalOnBean (names: org.springframework.context.annotation.internalScheduledAnnotationProcessor; SearchStrategy: all) did not find any beans named org.springframework.context.annotation.internalScheduledAnnotationProcessor (OnBeanCondition)


Exclusions:
-----------

    None


Unconditional classes:
----------------------

    None



2024-05-28 09:36:53 [File Watcher] INFO  o.s.b.d.a.LocalDevToolsAutoConfiguration$RestartingClassPathChangeChangedEventListener - Restarting due to 63 class path changes (63 additions, 0 deletions, 0 modifications)
2024-05-28 09:36:53 [Thread-27] INFO  o.a.coyote.http11.Http11NioProtocol - Stopping ProtocolHandler ["http-nio-9090"]
2024-05-28 09:36:53 [Thread-27] INFO  o.s.o.j.LocalContainerEntityManagerFactoryBean - Closing JPA EntityManagerFactory for persistence unit 'default'
2024-05-28 09:36:53 [Thread-27] INFO  com.zaxxer.hikari.HikariDataSource - HikariPool-7 - Shutdown initiated...
2024-05-28 09:36:53 [Thread-27] INFO  com.zaxxer.hikari.HikariDataSource - HikariPool-7 - Shutdown completed.
2024-05-28 09:36:53 [restartedMain] INFO  c.h.p.R.RingRingRingApplication - Starting RingRingRingApplication using Java 17.0.7 with PID 23040 (G:\project\RingRingRing\target\classes started by WeSeongGu in G:\project\RingRingRing)
2024-05-28 09:36:53 [restartedMain] INFO  c.h.p.R.RingRingRingApplication - The following 1 profile is active: "local"
2024-05-28 09:36:53 [restartedMain] INFO  o.s.d.r.c.RepositoryConfigurationDelegate - Bootstrapping Spring Data JPA repositories in DEFAULT mode.
2024-05-28 09:36:53 [restartedMain] INFO  o.s.d.r.c.RepositoryConfigurationDelegate - Finished Spring Data repository scanning in 14 ms. Found 5 JPA repository interfaces.
2024-05-28 09:36:53 [restartedMain] INFO  o.s.b.w.e.tomcat.TomcatWebServer - Tomcat initialized with port 9090 (http)
2024-05-28 09:36:53 [restartedMain] INFO  o.a.coyote.http11.Http11NioProtocol - Initializing ProtocolHandler ["http-nio-9090"]
2024-05-28 09:36:53 [restartedMain] INFO  o.a.catalina.core.StandardService - Starting service [Tomcat]
2024-05-28 09:36:53 [restartedMain] INFO  o.a.catalina.core.StandardEngine - Starting Servlet engine: [Apache Tomcat/10.1.19]
2024-05-28 09:36:53 [restartedMain] INFO  o.a.c.c.C.[Tomcat].[localhost].[/] - Initializing Spring embedded WebApplicationContext
2024-05-28 09:36:53 [restartedMain] INFO  o.s.b.w.s.c.ServletWebServerApplicationContext - Root WebApplicationContext: initialization completed in 435 ms
2024-05-28 09:36:53 [restartedMain] ERROR o.s.b.w.e.tomcat.TomcatStarter - Error starting Tomcat context. Exception: org.springframework.beans.factory.BeanCreationException. Message: Error creating bean with name 'forwardedHeaderFilter' defined in com.hallym.project.RingRingRing.RingRingRingApplication: Failed to instantiate [org.springframework.web.filter.ForwardedHeaderFilter]: Illegal factory instance for factory method 'forwardedHeaderFilter'; instance: com.hallym.project.RingRingRing.RingRingRingApplication$$SpringCGLIB$$0
2024-05-28 09:36:53 [restartedMain] INFO  o.a.catalina.core.StandardService - Stopping service [Tomcat]
2024-05-28 09:36:53 [restartedMain] WARN  o.s.b.w.s.c.AnnotationConfigServletWebServerApplicationContext - Exception encountered during context initialization - cancelling refresh attempt: org.springframework.context.ApplicationContextException: Unable to start web server
2024-05-28 09:36:53 [restartedMain] INFO  o.s.b.a.l.ConditionEvaluationReportLogger - 

Error starting ApplicationContext. To display the condition evaluation report re-run your application with 'debug' enabled.
2024-05-28 09:36:54 [restartedMain] ERROR o.s.boot.SpringApplication - Application run failed
org.springframework.context.ApplicationContextException: Unable to start web server
	at org.springframework.boot.web.servlet.context.ServletWebServerApplicationContext.onRefresh(ServletWebServerApplicationContext.java:165)
	at org.springframework.context.support.AbstractApplicationContext.refresh(AbstractApplicationContext.java:618)
	at org.springframework.boot.web.servlet.context.ServletWebServerApplicationContext.refresh(ServletWebServerApplicationContext.java:146)
	at org.springframework.boot.SpringApplication.refresh(SpringApplication.java:754)
	at org.springframework.boot.SpringApplication.refreshContext(SpringApplication.java:456)
	at org.springframework.boot.SpringApplication.run(SpringApplication.java:334)
	at org.springframework.boot.SpringApplication.run(SpringApplication.java:1354)
	at org.springframework.boot.SpringApplication.run(SpringApplication.java:1343)
	at com.hallym.project.RingRingRing.RingRingRingApplication.main(RingRingRingApplication.java:12)
	at java.base/jdk.internal.reflect.NativeMethodAccessorImpl.invoke0(Native Method)
	at java.base/jdk.internal.reflect.NativeMethodAccessorImpl.invoke(NativeMethodAccessorImpl.java:77)
	at java.base/jdk.internal.reflect.DelegatingMethodAccessorImpl.invoke(DelegatingMethodAccessorImpl.java:43)
	at java.base/java.lang.reflect.Method.invoke(Method.java:568)
	at org.springframework.boot.devtools.restart.RestartLauncher.run(RestartLauncher.java:50)
Caused by: org.springframework.boot.web.server.WebServerException: Unable to start embedded Tomcat
	at org.springframework.boot.web.embedded.tomcat.TomcatWebServer.initialize(TomcatWebServer.java:145)
	at org.springframework.boot.web.embedded.tomcat.TomcatWebServer.<init>(TomcatWebServer.java:105)
	at org.springframework.boot.web.embedded.tomcat.TomcatServletWebServerFactory.getTomcatWebServer(TomcatServletWebServerFactory.java:499)
	at org.springframework.boot.web.embedded.tomcat.TomcatServletWebServerFactory.getWebServer(TomcatServletWebServerFactory.java:218)
	at org.springframework.boot.web.servlet.context.ServletWebServerApplicationContext.createWebServer(ServletWebServerApplicationContext.java:188)
	at org.springframework.boot.web.servlet.context.ServletWebServerApplicationContext.onRefresh(ServletWebServerApplicationContext.java:162)
	... 13 common frames omitted
Caused by: org.springframework.beans.factory.BeanCreationException: Error creating bean with name 'forwardedHeaderFilter' defined in com.hallym.project.RingRingRing.RingRingRingApplication: Failed to instantiate [org.springframework.web.filter.ForwardedHeaderFilter]: Illegal factory instance for factory method 'forwardedHeaderFilter'; instance: com.hallym.project.RingRingRing.RingRingRingApplication$$SpringCGLIB$$0
	at org.springframework.beans.factory.support.ConstructorResolver.instantiate(ConstructorResolver.java:651)
	at org.springframework.beans.factory.support.ConstructorResolver.instantiateUsingFactoryMethod(ConstructorResolver.java:485)
	at org.springframework.beans.factory.support.AbstractAutowireCapableBeanFactory.instantiateUsingFactoryMethod(AbstractAutowireCapableBeanFactory.java:1335)
	at org.springframework.beans.factory.support.AbstractAutowireCapableBeanFactory.createBeanInstance(AbstractAutowireCapableBeanFactory.java:1165)
	at org.springframework.beans.factory.support.AbstractAutowireCapableBeanFactory.doCreateBean(AbstractAutowireCapableBeanFactory.java:562)
	at org.springframework.beans.factory.support.AbstractAutowireCapableBeanFactory.createBean(AbstractAutowireCapableBeanFactory.java:522)
	at org.springframework.beans.factory.support.AbstractBeanFactory.lambda$doGetBean$0(AbstractBeanFactory.java:325)
	at org.springframework.beans.factory.support.DefaultSingletonBeanRegistry.getSingleton(DefaultSingletonBeanRegistry.java:234)
	at org.springframework.beans.factory.support.AbstractBeanFactory.doGetBean(AbstractBeanFactory.java:323)
	at org.springframework.beans.factory.support.AbstractBeanFactory.getBean(AbstractBeanFactory.java:204)
	at org.springframework.boot.web.servlet.ServletContextInitializerBeans.getOrderedBeansOfType(ServletContextInitializerBeans.java:210)
	at org.springframework.boot.web.servlet.ServletContextInitializerBeans.addAsRegistrationBean(ServletContextInitializerBeans.java:173)
	at org.springframework.boot.web.servlet.ServletContextInitializerBeans.addAsRegistrationBean(ServletContextInitializerBeans.java:168)
	at org.springframework.boot.web.servlet.ServletContextInitializerBeans.addAdaptableBeans(ServletContextInitializerBeans.java:153)
	at org.springframework.boot.web.servlet.ServletContextInitializerBeans.<init>(ServletContextInitializerBeans.java:86)
	at org.springframework.boot.web.servlet.context.ServletWebServerApplicationContext.getServletContextInitializerBeans(ServletWebServerApplicationContext.java:266)
	at org.springframework.boot.web.servlet.context.ServletWebServerApplicationContext.selfInitialize(ServletWebServerApplicationContext.java:240)
	at org.springframework.boot.web.embedded.tomcat.TomcatStarter.onStartup(TomcatStarter.java:52)
	at org.apache.catalina.core.StandardContext.startInternal(StandardContext.java:4866)
	at org.apache.catalina.util.LifecycleBase.start(LifecycleBase.java:171)
	at org.apache.catalina.core.ContainerBase$StartChild.call(ContainerBase.java:1332)
	at org.apache.catalina.core.ContainerBase$StartChild.call(ContainerBase.java:1322)
	at java.base/java.util.concurrent.FutureTask.run(FutureTask.java:264)
	at org.apache.tomcat.util.threads.InlineExecutorService.execute(InlineExecutorService.java:75)
	at java.base/java.util.concurrent.AbstractExecutorService.submit(AbstractExecutorService.java:145)
	at org.apache.catalina.core.ContainerBase.startInternal(ContainerBase.java:866)
	at org.apache.catalina.core.StandardHost.startInternal(StandardHost.java:845)
	at org.apache.catalina.util.LifecycleBase.start(LifecycleBase.java:171)
	at org.apache.catalina.core.ContainerBase$StartChild.call(ContainerBase.java:1332)
	at org.apache.catalina.core.ContainerBase$StartChild.call(ContainerBase.java:1322)
	at java.base/java.util.concurrent.FutureTask.run(FutureTask.java:264)
	at org.apache.tomcat.util.threads.InlineExecutorService.execute(InlineExecutorService.java:75)
	at java.base/java.util.concurrent.AbstractExecutorService.submit(AbstractExecutorService.java:145)
	at org.apache.catalina.core.ContainerBase.startInternal(ContainerBase.java:866)
	at org.apache.catalina.core.StandardEngine.startInternal(StandardEngine.java:240)
	at org.apache.catalina.util.LifecycleBase.start(LifecycleBase.java:171)
	at org.apache.catalina.core.StandardService.startInternal(StandardService.java:433)
	at org.apache.catalina.util.LifecycleBase.start(LifecycleBase.java:171)
	at org.apache.catalina.core.StandardServer.startInternal(StandardServer.java:921)
	at org.apache.catalina.util.LifecycleBase.start(LifecycleBase.java:171)
	at org.apache.catalina.startup.Tomcat.start(Tomcat.java:437)
	at org.springframework.boot.web.embedded.tomcat.TomcatWebServer.initialize(TomcatWebServer.java:126)
	... 18 common frames omitted
Caused by: org.springframework.beans.BeanInstantiationException: Failed to instantiate [org.springframework.web.filter.ForwardedHeaderFilter]: Illegal factory instance for factory method 'forwardedHeaderFilter'; instance: com.hallym.project.RingRingRing.RingRingRingApplication$$SpringCGLIB$$0
	at org.springframework.beans.factory.support.SimpleInstantiationStrategy.instantiate(SimpleInstantiationStrategy.java:159)
	at org.springframework.beans.factory.support.ConstructorResolver.instantiate(ConstructorResolver.java:647)
	... 59 common frames omitted
Caused by: java.lang.IllegalArgumentException: object is not an instance of declaring class
	at java.base/jdk.internal.reflect.NativeMethodAccessorImpl.invoke0(Native Method)
	at java.base/jdk.internal.reflect.NativeMethodAccessorImpl.invoke(NativeMethodAccessorImpl.java:77)
	at java.base/jdk.internal.reflect.DelegatingMethodAccessorImpl.invoke(DelegatingMethodAccessorImpl.java:43)
	at java.base/java.lang.reflect.Method.invoke(Method.java:568)
	at org.springframework.beans.factory.support.SimpleInstantiationStrategy.instantiate(SimpleInstantiationStrategy.java:140)
	... 60 common frames omitted
2024-05-28 09:36:55 [background-preinit] INFO  o.h.validator.internal.util.Version - HV000001: Hibernate Validator 8.0.1.Final
2024-05-28 09:36:55 [main] INFO  c.h.p.R.RingRingRingApplicationTests - Starting RingRingRingApplicationTests using Java 17.0.7 with PID 19528 (started by WeSeongGu in G:\project\RingRingRing)
2024-05-28 09:36:55 [main] INFO  c.h.p.R.RingRingRingApplicationTests - The following 1 profile is active: "local"
2024-05-28 09:36:56 [main] INFO  o.s.d.r.c.RepositoryConfigurationDelegate - Bootstrapping Spring Data JPA repositories in DEFAULT mode.
2024-05-28 09:36:56 [main] INFO  o.s.d.r.c.RepositoryConfigurationDelegate - Finished Spring Data repository scanning in 131 ms. Found 5 JPA repository interfaces.
2024-05-28 09:36:57 [main] INFO  o.h.jpa.internal.util.LogHelper - HHH000204: Processing PersistenceUnitInfo [name: default]
2024-05-28 09:36:57 [main] INFO  org.hibernate.Version - HHH000412: Hibernate ORM core version 6.4.4.Final
2024-05-28 09:36:57 [main] INFO  o.h.c.i.RegionFactoryInitiator - HHH000026: Second-level cache disabled
2024-05-28 09:36:57 [main] INFO  o.s.o.j.p.SpringPersistenceUnitInfo - No LoadTimeWeaver setup: ignoring JPA class transformer
2024-05-28 09:36:57 [main] INFO  com.zaxxer.hikari.HikariDataSource - HikariPool-1 - Starting...
2024-05-28 09:36:57 [main] INFO  com.zaxxer.hikari.pool.HikariPool - HikariPool-1 - Added connection com.mysql.cj.jdbc.ConnectionImpl@69fd99c1
2024-05-28 09:36:57 [main] INFO  com.zaxxer.hikari.HikariDataSource - HikariPool-1 - Start completed.
2024-05-28 09:36:58 [main] INFO  o.h.e.t.j.p.i.JtaPlatformInitiator - HHH000489: No JTA platform available (set 'hibernate.transaction.jta.platform' to enable JTA platform integration)
2024-05-28 09:36:58 [main] INFO  o.s.o.j.LocalContainerEntityManagerFactoryBean - Initialized JPA EntityManagerFactory for persistence unit 'default'
2024-05-28 09:36:59 [main] WARN  o.s.b.a.o.j.JpaBaseConfiguration$JpaWebConfiguration - spring.jpa.open-in-view is enabled by default. Therefore, database queries may be performed during view rendering. Explicitly configure spring.jpa.open-in-view to disable this warning
2024-05-28 09:37:00 [main] INFO  o.s.d.j.r.query.QueryEnhancerFactory - Hibernate is in classpath; If applicable, HQL parser will be used.
2024-05-28 09:37:01 [main] WARN  o.s.w.s.m.m.a.RequestMappingHandlerMapping - Multiple @RequestMapping annotations found on public java.lang.String com.hallym.project.RingRingRing.AI.AICallController.check(), but only the first will be used: [@org.springframework.web.bind.annotation.GetMapping(consumes={}, headers={}, name="", params={}, path={"/isconnected"}, produces={}, value={"/isconnected"}), @org.springframework.web.bind.annotation.PostMapping(consumes={}, headers={}, name="", params={}, path={"/deliveryAI"}, produces={}, value={"/deliveryAI"})]
2024-05-28 09:37:02 [main] INFO  o.s.s.web.DefaultSecurityFilterChain - Will secure any request with [org.springframework.security.web.session.DisableEncodeUrlFilter@796ed904, org.springframework.security.web.context.request.async.WebAsyncManagerIntegrationFilter@7991e022, org.springframework.security.web.context.SecurityContextHolderFilter@8b3ea30, org.springframework.security.web.header.HeaderWriterFilter@4c32428a, org.springframework.web.filter.CorsFilter@4743220d, org.springframework.security.web.authentication.logout.LogoutFilter@7d6d93f9, com.hallym.project.RingRingRing.jwt.JWTFilter@53f7759c, org.springframework.security.web.savedrequest.RequestCacheAwareFilter@24287e5e, org.springframework.security.web.servletapi.SecurityContextHolderAwareRequestFilter@1ae9cfca, org.springframework.security.web.authentication.AnonymousAuthenticationFilter@5c5e301f, org.springframework.security.web.session.SessionManagementFilter@231e5af, org.springframework.security.web.access.ExceptionTranslationFilter@5c5dd9ac, org.springframework.security.web.access.intercept.AuthorizationFilter@10e5c13c]
2024-05-28 09:37:03 [main] INFO  o.s.l.c.s.AbstractContextSource - Property 'userDn' not set - anonymous context will be used for read-only operations
2024-05-28 09:37:03 [main] INFO  c.h.p.R.RingRingRingApplicationTests - Started RingRingRingApplicationTests in 8.289 seconds (process running for 9.055)
2024-05-28 09:37:03 [SpringApplicationShutdownHook] INFO  o.s.o.j.LocalContainerEntityManagerFactoryBean - Closing JPA EntityManagerFactory for persistence unit 'default'
2024-05-28 09:37:03 [SpringApplicationShutdownHook] INFO  com.zaxxer.hikari.HikariDataSource - HikariPool-1 - Shutdown initiated...
2024-05-28 09:37:03 [SpringApplicationShutdownHook] INFO  com.zaxxer.hikari.HikariDataSource - HikariPool-1 - Shutdown completed.
